<?xml version="1.0" encoding="UTF-8"?>
<!-- Generated by org.testng.reporters.JUnitXMLReporter -->
<testsuite ignored="0" hostname="SLSUMITB.local" failures="1" tests="1" name="LoginGrade3" time="160.156" errors="0" timestamp="2020-08-26T01:21:38 IST">
  <testcase classname="com.splashlearn.test.android.AND_Login_Test_CaseGrade3Math" name="AndroidLoginTestCaseGrade3Math" time="136.85">
    <failure type="org.openqa.selenium.NoSuchElementException" message="An element could not be located on the page using the given search parameters.
For documentation on this error, please visit: https://www.seleniumhq.org/exceptions/no_such_element.html
Build info: version: &amp;apos;3.141.59&amp;apos;, revision: &amp;apos;e82be7d358&amp;apos;, time: &amp;apos;2018-11-14T08:17:03&amp;apos;
System info: host: &amp;apos;SLSUMITB.local&amp;apos;, ip: &amp;apos;fe80:0:0:0:14b9:9688:731e:55be%en0&amp;apos;, os.name: &amp;apos;Mac OS X&amp;apos;, os.arch: &amp;apos;x86_64&amp;apos;, os.version: &amp;apos;10.15.4&amp;apos;, java.version: &amp;apos;13.0.2&amp;apos;
Driver info: io.appium.java_client.android.AndroidDriver
Capabilities {app: /Users/STYLSUMITB/eclipse-w..., appActivity: com.splash.kids.education.l..., appPackage: com.splash.kids.education.l..., automationName: uiautomator2, databaseEnabled: false, desired: {app: /Users/STYLSUMITB/eclipse-w..., appActivity: com.splash.kids.education.l..., appPackage: com.splash.kids.education.l..., automationName: uiautomator2, deviceName: RZ8M31G01ZF, newCommandTimeout: 3000, platformName: android, platformVersion: 10}, deviceApiLevel: 29, deviceManufacturer: samsung, deviceModel: SM-G975F, deviceName: RZ8M31G01ZF, deviceScreenDensity: 420, deviceScreenSize: 1080x2280, deviceUDID: RZ8M31G01ZF, javascriptEnabled: true, locationContextEnabled: false, networkConnectionEnabled: true, newCommandTimeout: 3000, pixelRatio: 2.625, platform: LINUX, platformName: Android, platformVersion: 10, statBarHeight: 63, takesScreenshot: true, viewportRect: {height: 1017, left: 0, top: 63, width: 2047}, warnings: {}, webStorageEnabled: false}
Session ID: b52ff0b2-d00f-480d-8bfa-2d14346be7fd
*** Element info: {Using=-android uiautomator, value=new UiScrollable(new UiSelector().scrollable(true).instance(0)).scrollIntoView(new UiSelector().textContains(&amp;quot;Oolzoos and the Snail&amp;quot;).instance(0))}">
      <![CDATA[org.openqa.selenium.NoSuchElementException: An element could not be located on the page using the given search parameters.
For documentation on this error, please visit: https://www.seleniumhq.org/exceptions/no_such_element.html
Build info: version: '3.141.59', revision: 'e82be7d358', time: '2018-11-14T08:17:03'
System info: host: 'SLSUMITB.local', ip: 'fe80:0:0:0:14b9:9688:731e:55be%en0', os.name: 'Mac OS X', os.arch: 'x86_64', os.version: '10.15.4', java.version: '13.0.2'
Driver info: io.appium.java_client.android.AndroidDriver
Capabilities {app: /Users/STYLSUMITB/eclipse-w..., appActivity: com.splash.kids.education.l..., appPackage: com.splash.kids.education.l..., automationName: uiautomator2, databaseEnabled: false, desired: {app: /Users/STYLSUMITB/eclipse-w..., appActivity: com.splash.kids.education.l..., appPackage: com.splash.kids.education.l..., automationName: uiautomator2, deviceName: RZ8M31G01ZF, newCommandTimeout: 3000, platformName: android, platformVersion: 10}, deviceApiLevel: 29, deviceManufacturer: samsung, deviceModel: SM-G975F, deviceName: RZ8M31G01ZF, deviceScreenDensity: 420, deviceScreenSize: 1080x2280, deviceUDID: RZ8M31G01ZF, javascriptEnabled: true, locationContextEnabled: false, networkConnectionEnabled: true, newCommandTimeout: 3000, pixelRatio: 2.625, platform: LINUX, platformName: Android, platformVersion: 10, statBarHeight: 63, takesScreenshot: true, viewportRect: {height: 1017, left: 0, top: 63, width: 2047}, warnings: {}, webStorageEnabled: false}
Session ID: b52ff0b2-d00f-480d-8bfa-2d14346be7fd
*** Element info: {Using=-android uiautomator, value=new UiScrollable(new UiSelector().scrollable(true).instance(0)).scrollIntoView(new UiSelector().textContains("Oolzoos and the Snail").instance(0))}
at org.openqa.selenium.remote.http.W3CHttpResponseCodec.createException(W3CHttpResponseCodec.java:187)
at org.openqa.selenium.remote.http.W3CHttpResponseCodec.decode(W3CHttpResponseCodec.java:122)
at org.openqa.selenium.remote.http.W3CHttpResponseCodec.decode(W3CHttpResponseCodec.java:49)
at org.openqa.selenium.remote.HttpCommandExecutor.execute(HttpCommandExecutor.java:158)
at io.appium.java_client.remote.AppiumCommandExecutor.execute(AppiumCommandExecutor.java:239)
at org.openqa.selenium.remote.RemoteWebDriver.execute(RemoteWebDriver.java:552)
at io.appium.java_client.DefaultGenericMobileDriver.execute(DefaultGenericMobileDriver.java:41)
at io.appium.java_client.AppiumDriver.execute(AppiumDriver.java:1)
at io.appium.java_client.android.AndroidDriver.execute(AndroidDriver.java:1)
at org.openqa.selenium.remote.RemoteWebDriver.findElement(RemoteWebDriver.java:323)
at io.appium.java_client.DefaultGenericMobileDriver.findElement(DefaultGenericMobileDriver.java:61)
at io.appium.java_client.AppiumDriver.findElement(AppiumDriver.java:1)
at io.appium.java_client.android.AndroidDriver.findElement(AndroidDriver.java:1)
at io.appium.java_client.FindsByAndroidUIAutomator.findElementByAndroidUIAutomator(FindsByAndroidUIAutomator.java:38)
at io.appium.java_client.MobileBy$ByAndroidUIAutomator.findElement(MobileBy.java:210)
at org.openqa.selenium.remote.RemoteWebDriver.findElement(RemoteWebDriver.java:315)
at io.appium.java_client.DefaultGenericMobileDriver.findElement(DefaultGenericMobileDriver.java:57)
at io.appium.java_client.AppiumDriver.findElement(AppiumDriver.java:1)
at io.appium.java_client.android.AndroidDriver.findElement(AndroidDriver.java:1)
at com.splashlearn.app.screens.android.And_BottomDrawerScreen.ElementGetText(And_BottomDrawerScreen.java:36)
at com.splashlearn.test.android.AND_Login_Test_CaseGrade3Math.AndroidLoginTestCaseGrade3Math(AND_Login_Test_CaseGrade3Math.java:288)
at java.base/java.util.concurrent.ThreadPoolExecutor.runWorker(ThreadPoolExecutor.java:1128)
at java.base/java.util.concurrent.ThreadPoolExecutor$Worker.run(ThreadPoolExecutor.java:628)
at java.base/java.lang.Thread.run(Thread.java:830)
... Removed 16 stack frames]]>
    </failure>
  </testcase> <!-- AndroidLoginTestCaseGrade3Math -->
</testsuite> <!-- LoginGrade3 -->
