<?xml version="1.0" encoding="UTF-8"?>
<!-- Generated by org.testng.reporters.JUnitReportReporter -->
<testsuite hostname="SLSUMITB.local" failures="0" tests="1" name="com.splashlearn.test.android.AND_Login_Test_CaseGradePreKMath" time="0.451" errors="1" timestamp="2021-01-06T17:49:57 IST" skipped="0">
  <testcase classname="com.splashlearn.test.android.AND_Login_Test_CaseGradePreKMath" name="sendingEmail" time="0.451">
    <error message="Given directory &#039;/Users/STYLSUMITB/eclipse-workspace/splashlearn-appium/PageScreenshot&#039; doesn&#039;t contain any files!" type="org.zeroturnaround.zip.ZipException">
      <![CDATA[org.zeroturnaround.zip.ZipException: Given directory '/Users/STYLSUMITB/eclipse-workspace/splashlearn-appium/PageScreenshot' doesn't contain any files!
at org.zeroturnaround.zip.ZipUtil.pack(ZipUtil.java:1745)
at org.zeroturnaround.zip.ZipUtil.pack(ZipUtil.java:1612)
at org.zeroturnaround.zip.ZipUtil.pack(ZipUtil.java:1403)
at org.zeroturnaround.zip.ZipUtil.pack(ZipUtil.java:1386)
at com.splashlearn.app.util.Sending_Mail_Folder.SendMail(Sending_Mail_Folder.java:72)
at com.splashlearn.test.android.AND_Login_Test_CaseGradePreKMath.sendingEmail(AND_Login_Test_CaseGradePreKMath.java:748)
at java.base/jdk.internal.reflect.NativeMethodAccessorImpl.invoke0(Native Method)
at java.base/jdk.internal.reflect.NativeMethodAccessorImpl.invoke(NativeMethodAccessorImpl.java:62)
at java.base/jdk.internal.reflect.DelegatingMethodAccessorImpl.invoke(DelegatingMethodAccessorImpl.java:43)
at java.base/java.lang.reflect.Method.invoke(Method.java:567)
at org.testng.internal.MethodInvocationHelper.invokeMethod(MethodInvocationHelper.java:134)
at org.testng.internal.MethodInvocationHelper.invokeMethodConsideringTimeout(MethodInvocationHelper.java:63)
at org.testng.internal.ConfigInvoker.invokeConfigurationMethod(ConfigInvoker.java:348)
at org.testng.internal.ConfigInvoker.invokeConfigurations(ConfigInvoker.java:302)
at org.testng.TestRunner.invokeTestConfigurations(TestRunner.java:619)
at org.testng.TestRunner.afterRun(TestRunner.java:849)
at org.testng.TestRunner.run(TestRunner.java:590)
at org.testng.SuiteRunner.runTest(SuiteRunner.java:384)
at org.testng.SuiteRunner.access$000(SuiteRunner.java:28)
at org.testng.SuiteRunner$SuiteWorker.run(SuiteRunner.java:425)
at org.testng.internal.thread.ThreadUtil.lambda$execute$0(ThreadUtil.java:68)
at java.base/java.util.concurrent.FutureTask.run(FutureTask.java:264)
at java.base/java.util.concurrent.ThreadPoolExecutor.runWorker(ThreadPoolExecutor.java:1128)
at java.base/java.util.concurrent.ThreadPoolExecutor$Worker.run(ThreadPoolExecutor.java:628)
at java.base/java.lang.Thread.run(Thread.java:830)
]]>
    </error>
  </testcase> <!-- sendingEmail -->
  <system-out/>
</testsuite> <!-- com.splashlearn.test.android.AND_Login_Test_CaseGradePreKMath -->
